<?xml version="1.0" encoding="UTF-8"?>
<!-- Generated by org.testng.reporters.JUnitReportReporter -->
<testsuite hostname="LAPTOP-P200AKUP" failures="0" tests="7" name="pom.pageFactory.testRunner.RegistrationTest_POM" time="16.243" errors="0" timestamp="2023-05-17T12:29:57 EDT" skipped="0">
  <testcase classname="pom.pageFactory.testRunner.RegistrationTest_POM" name="OpenHomeURL" time="4.045"/>
  <system-out/>
  <testcase classname="pom.pageFactory.testRunner.RegistrationTest_POM" name="LoadAppHome" time="1.703"/>
  <system-out/>
  <testcase classname="pom.pageFactory.testRunner.RegistrationTest_POM" name="ClickGetStarted" time="2.065"/>
  <system-out/>
  <testcase classname="pom.pageFactory.testRunner.RegistrationTest_POM" name="ClickRegisterLink" time="1.263"/>
  <system-out/>
  <testcase classname="pom.pageFactory.testRunner.RegistrationTest_POM" name="registerUserNegativeTest" time="3.512"/>
  <system-out/>
  <testcase classname="pom.pageFactory.testRunner.RegistrationTest_POM" name="registerUserPositiveTest" time="2.454"/>
  <system-out/>
  <testcase classname="pom.pageFactory.testRunner.RegistrationTest_POM" name="ClickSignOutLink" time="1.201"/>
  <system-out/>
</testsuite> <!-- pom.pageFactory.testRunner.RegistrationTest_POM -->
