<?xml version="1.0" encoding="UTF-8"?>
<!-- Generated by org.testng.reporters.JUnitReportReporter -->
<testsuite hostname="LAPTOP-P200AKUP" failures="0" tests="5" name="pom.pageFactory.testRunner.DataStructureTest_POM" time="12.072" errors="0" timestamp="2023-05-17T12:29:57 EDT" skipped="0">
  <testcase classname="pom.pageFactory.testRunner.DataStructureTest_POM" name="OpenHomeURL" time="0.011"/>
  <system-out/>
  <testcase classname="pom.pageFactory.testRunner.DataStructureTest_POM" name="ClickDSLinkOnHomePage" time="0.423"/>
  <system-out/>
  <testcase classname="pom.pageFactory.testRunner.DataStructureTest_POM" name="DataStructureSmokeTest_TimeComplexity" time="7.082"/>
  <system-out/>
  <testcase classname="pom.pageFactory.testRunner.DataStructureTest_POM" name="DataStructureSmokeTest_PracticeQuestion" time="1.170"/>
  <system-out/>
  <testcase classname="pom.pageFactory.testRunner.DataStructureTest_POM" name="DataStructureSmokeTest_Dropdown" time="3.386"/>
  <system-out/>
</testsuite> <!-- pom.pageFactory.testRunner.DataStructureTest_POM -->
