<?xml version="1.0" encoding="UTF-8"?>
<!-- Generated by org.testng.reporters.JUnitReportReporter -->
<testsuite hostname="LAPTOP-P200AKUP" failures="0" tests="12" name="pom.pageFactory.testRunner.ArrayTest_POM" time="61.279" errors="0" timestamp="2023-05-17T12:29:57 EDT" skipped="0">
  <testcase classname="pom.pageFactory.testRunner.ArrayTest_POM" name="OpenHomeURL" time="0.015"/>
  <system-out/>
  <testcase classname="pom.pageFactory.testRunner.ArrayTest_POM" name="ArrayPage_WrongInput" time="7.417"/>
  <system-out/>
  <testcase classname="pom.pageFactory.testRunner.ArrayTest_POM" name="ArrayPage_ArraysInPython" time="4.264"/>
  <system-out/>
  <testcase classname="pom.pageFactory.testRunner.ArrayTest_POM" name="ArrayPage_ArraysUsingList" time="6.783"/>
  <system-out/>
  <testcase classname="pom.pageFactory.testRunner.ArrayTest_POM" name="ArrayPage_BasicOperations" time="7.422"/>
  <system-out/>
  <testcase classname="pom.pageFactory.testRunner.ArrayTest_POM" name="ArrayPage_ApplicationsOfArrays" time="6.815"/>
  <system-out/>
  <testcase classname="pom.pageFactory.testRunner.ArrayTest_POM" name="ArrayPage_PracticeQuestionsLink" time="1.239"/>
  <system-out/>
  <testcase classname="pom.pageFactory.testRunner.ArrayTest_POM" name="ArrayPage_PracticeQuestion1" time="6.489"/>
  <system-out/>
  <testcase classname="pom.pageFactory.testRunner.ArrayTest_POM" name="ArrayPage_PracticeQuestion2" time="6.512"/>
  <system-out/>
  <testcase classname="pom.pageFactory.testRunner.ArrayTest_POM" name="ArrayPage_PracticeQuestion3" time="6.565"/>
  <system-out/>
  <testcase classname="pom.pageFactory.testRunner.ArrayTest_POM" name="ArrayPage_PracticeQuestion4" time="6.445"/>
  <system-out/>
  <testcase classname="pom.pageFactory.testRunner.ArrayTest_POM" name="ArrayPage_DropDown_LL" time="1.313"/>
  <system-out/>
</testsuite> <!-- pom.pageFactory.testRunner.ArrayTest_POM -->
